
thg 12 30, 2020 10:39:09.931 NEW SESSION
thg 12 30, 2020 10:39:09.931 [9676:7992:1230/103909.929:ERROR:external_registry_loader_win.cc(152)] File path C needs to be absolute in key Software\Google\Chrome\Extensions\hlkkiebmffkgpgkajeeedjgehnlogjlg
thg 12 30, 2020 10:39:09.942 [9676:7992:1230/103909.931:ERROR:external_registry_loader_win.cc(159)] File C:\Program Files (x86)\BkavPro\SiteAdvisor\Bkav Plugin\BkavPluginVersion2.crx for key Software\Google\Chrome\Extensions\kjomkjjpbjeennhagfmlahfnlgleecmn does not exist or is not readable.
thg 12 30, 2020 10:39:26.767 [9676:6872:1230/103926.767:ERROR:device_event_log_impl.cc(211)] [10:39:26.768] USB: usb_device_handle_win.cc:1020 Failed to read descriptor from node connection: A device attached to the system is not functioning. (0x1F)
thg 12 30, 2020 10:49:09.631 [1230/104909.630:ERROR:directory_reader_win.cc(43)] FindFirstFile: The system cannot find the path specified. (0x3)
thg 12 30, 2020 10:52:57.704 [9676:7648:1230/105257.704:ERROR:connection_factory_impl.cc(428)] Failed to connect to MCS endpoint with error -106
thg 12 30, 2020 10:53:24.663 [9676:7648:1230/105324.662:ERROR:connection_factory_impl.cc(428)] Failed to connect to MCS endpoint with error -106

thg 1 17, 2021 10:22:47.06 NEW SESSION
thg 1 17, 2021 10:22:47.06 [7680:6604:0117/102247.004:ERROR:external_registry_loader_win.cc(152)] File path C needs to be absolute in key Software\Google\Chrome\Extensions\hlkkiebmffkgpgkajeeedjgehnlogjlg
thg 1 17, 2021 10:22:47.18 [7680:6604:0117/102247.005:ERROR:external_registry_loader_win.cc(159)] File C:\Program Files (x86)\BkavPro\SiteAdvisor\Bkav Plugin\BkavPluginVersion2.crx for key Software\Google\Chrome\Extensions\kjomkjjpbjeennhagfmlahfnlgleecmn does not exist or is not readable.
thg 1 17, 2021 10:23:10.656 [7680:3432:0117/102310.656:ERROR:device_event_log_impl.cc(211)] [10:23:10.656] USB: usb_device_handle_win.cc:1020 Failed to read descriptor from node connection: A device attached to the system is not functioning. (0x1F)
thg 1 17, 2021 10:32:46.596 [0117/103246.595:ERROR:directory_reader_win.cc(43)] FindFirstFile: The system cannot find the path specified. (0x3)
thg 1 17, 2021 11:46:23.504 [7680:3432:0117/114623.503:ERROR:device_event_log_impl.cc(211)] [11:46:23.503] USB: usb_service_win.cc:258 Failed to get device driver name: Element not found. (0x490)
thg 1 17, 2021 11:46:24.583 [7680:3296:0117/114624.582:ERROR:connection_factory_impl.cc(428)] Failed to connect to MCS endpoint with error -106
thg 1 17, 2021 11:46:54.269 [7680:3296:0117/114654.269:ERROR:connection_factory_impl.cc(428)] Failed to connect to MCS endpoint with error -106
thg 1 17, 2021 11:47:44.90 [7680:3296:0117/114744.090:ERROR:connection_factory_impl.cc(428)] Failed to connect to MCS endpoint with error -106
thg 1 17, 2021 11:49:07.795 [7680:3296:0117/114907.794:ERROR:connection_factory_impl.cc(428)] Failed to connect to MCS endpoint with error -106
thg 1 17, 2021 11:52:14.437 [7680:3296:0117/115214.437:ERROR:connection_factory_impl.cc(428)] Failed to connect to MCS endpoint with error -106
thg 1 17, 2021 11:59:13.543 [7680:3296:0117/115913.543:ERROR:connection_factory_impl.cc(428)] Failed to connect to MCS endpoint with error -106
thg 1 17, 2021 12:09:13.552 [7680:3296:0117/120913.552:ERROR:connection_factory_impl.cc(428)] Failed to connect to MCS endpoint with error -106
thg 1 17, 2021 12:19:13.562 [7680:3296:0117/121913.562:ERROR:connection_factory_impl.cc(428)] Failed to connect to MCS endpoint with error -106
thg 1 17, 2021 18:29:28.663 [7680:3296:0117/182928.662:ERROR:connection_factory_impl.cc(428)] Failed to connect to MCS endpoint with error -106
thg 1 17, 2021 18:29:58.467 [7680:3296:0117/182958.467:ERROR:connection_factory_impl.cc(428)] Failed to connect to MCS endpoint with error -106
thg 1 17, 2021 18:30:42.76 [7680:3296:0117/183042.076:ERROR:connection_factory_impl.cc(428)] Failed to connect to MCS endpoint with error -106
thg 1 17, 2021 18:32:30.752 [7680:3296:0117/183230.752:ERROR:connection_factory_impl.cc(428)] Failed to connect to MCS endpoint with error -106
thg 1 17, 2021 21:32:59.687 [7680:3296:0117/213259.687:ERROR:connection_factory_impl.cc(428)] Failed to connect to MCS endpoint with error -106
thg 1 17, 2021 21:33:29.605 [7680:3296:0117/213329.605:ERROR:connection_factory_impl.cc(428)] Failed to connect to MCS endpoint with error -106
thg 1 17, 2021 21:34:24.702 [7680:3296:0117/213424.702:ERROR:connection_factory_impl.cc(428)] Failed to connect to MCS endpoint with error -106
thg 1 17, 2021 21:36:01.928 [7680:3296:0117/213601.928:ERROR:connection_factory_impl.cc(428)] Failed to connect to MCS endpoint with error -106
thg 1 17, 2021 21:39:37.267 [7680:3296:0117/213937.267:ERROR:connection_factory_impl.cc(428)] Failed to connect to MCS endpoint with error -106
thg 1 17, 2021 21:45:59.886 [7680:3296:0117/214559.886:ERROR:connection_factory_impl.cc(428)] Failed to connect to MCS endpoint with error -106
thg 1 18, 2021 24:42:28.161 [7680:3432:0118/004228.137:ERROR:device_event_log_impl.cc(211)] [00:42:28.137] USB: usb_service_win.cc:258 Failed to get device driver name: Element not found. (0x490)
